Instruction Information
INST_INFO[ 0 ].value :  20080001
INST_INFO[ 0 ].opcode :  8
INST_INFO[ 0 ].rs :  0
INST_INFO[ 0 ].rt :  8
INST_INFO[ 0 ].imm :  1
INST_INFO[ 1 ].value :  2009fffc
INST_INFO[ 1 ].opcode :  8
INST_INFO[ 1 ].rs :  0
INST_INFO[ 1 ].rt :  9
INST_INFO[ 1 ].imm :  -4
INST_INFO[ 2 ].value :  200b0004
INST_INFO[ 2 ].opcode :  8
INST_INFO[ 2 ].rs :  0
INST_INFO[ 2 ].rt :  11
INST_INFO[ 2 ].imm :  4
INST_INFO[ 3 ].value :   17e5821
INST_INFO[ 3 ].opcode :  0
INST_INFO[ 3 ].func_code :  33
INST_INFO[ 3 ].rs :  11
INST_INFO[ 3 ].rt :  30
INST_INFO[ 3 ].rd :  11
INST_INFO[ 3 ].shamt :  0
INST_INFO[ 4 ].value :   17e5823
INST_INFO[ 4 ].opcode :  0
INST_INFO[ 4 ].func_code :  35
INST_INFO[ 4 ].rs :  11
INST_INFO[ 4 ].rt :  30
INST_INFO[ 4 ].rd :  11
INST_INFO[ 4 ].shamt :  0
INST_INFO[ 5 ].value :     88021
INST_INFO[ 5 ].opcode :  0
INST_INFO[ 5 ].func_code :  33
INST_INFO[ 5 ].rs :  0
INST_INFO[ 5 ].rt :  8
INST_INFO[ 5 ].rd :  16
INST_INFO[ 5 ].shamt :  0
INST_INFO[ 6 ].value :  26107fff
INST_INFO[ 6 ].opcode :  9
INST_INFO[ 6 ].rs :  16
INST_INFO[ 6 ].rt :  16
INST_INFO[ 6 ].imm :  32767
INST_INFO[ 7 ].value :   2098023
INST_INFO[ 7 ].opcode :  0
INST_INFO[ 7 ].func_code :  35
INST_INFO[ 7 ].rs :  16
INST_INFO[ 7 ].rt :  9
INST_INFO[ 7 ].rd :  16
INST_INFO[ 7 ].shamt :  0
INST_INFO[ 8 ].value :  3c0a1000
INST_INFO[ 8 ].opcode :  15
INST_INFO[ 8 ].rs :  0
INST_INFO[ 8 ].rt :  10
INST_INFO[ 8 ].imm :  4096
INST_INFO[ 9 ].value :  ad500000
INST_INFO[ 9 ].opcode :  43
INST_INFO[ 9 ].rs :  10
INST_INFO[ 9 ].rt :  16
INST_INFO[ 9 ].imm :  0
INST_INFO[ 10 ].value :         0
INST_INFO[ 10 ].opcode :  0
INST_INFO[ 10 ].func_code :  0
INST_INFO[ 10 ].rs :  0
INST_INFO[ 10 ].rt :  0
INST_INFO[ 10 ].rd :  0
INST_INFO[ 10 ].shamt :  0
Memory Dump - Text Segment

text_seg[ 0 ] :  20080001
text_seg[ 4 ] :  2009fffc
text_seg[ 8 ] :  200b0004
text_seg[ 12 ] :  17e5821
text_seg[ 16 ] :  17e5823
text_seg[ 20 ] :  88021
text_seg[ 24 ] :  26107fff
text_seg[ 28 ] :  2098023
text_seg[ 32 ] :  3c0a1000
text_seg[ 36 ] :  ad500000
text_seg[ 40 ] :  0
data_seg[ 0 ] :  0
data_seg[ 4 ] :  0
Current PC: 0
Simulating for 100 cycles...

Current register values : 
-------------------------------------
PC: 0x00400004
Register:
R0: 0x00000000
R1: 0x00000000
R2: 0x00000000
R3: 0x00000000
R4: 0x00000000
R5: 0x00000000
R6: 0x00000000
R7: 0x00000000
R8: 0x00000001
R9: 0x00000000
R10: 0x00000000
R11: 0x00000000
R12: 0x00000000
R13: 0x00000000
R14: 0x00000000
R15: 0x00000000
R16: 0x00000000
R17: 0x00000000
R18: 0x00000000
R19: 0x00000000
R20: 0x00000000
R21: 0x00000000
R22: 0x00000000
R23: 0x00000000
R24: 0x00000000
R25: 0x00000000
R26: 0x00000000
R27: 0x00000000
R28: 0x00000000
R29: 0x00000000
R30: 0x00000000
R31: 0x00000000

Current register values : 
-------------------------------------
PC: 0x00400008
Register:
R0: 0x00000000
R1: 0x00000000
R2: 0x00000000
R3: 0x00000000
R4: 0x00000000
R5: 0x00000000
R6: 0x00000000
R7: 0x00000000
R8: 0x00000001
R9: 0xfffffffc
R10: 0x00000000
R11: 0x00000000
R12: 0x00000000
R13: 0x00000000
R14: 0x00000000
R15: 0x00000000
R16: 0x00000000
R17: 0x00000000
R18: 0x00000000
R19: 0x00000000
R20: 0x00000000
R21: 0x00000000
R22: 0x00000000
R23: 0x00000000
R24: 0x00000000
R25: 0x00000000
R26: 0x00000000
R27: 0x00000000
R28: 0x00000000
R29: 0x00000000
R30: 0x00000000
R31: 0x00000000

Current register values : 
-------------------------------------
PC: 0x0040000c
Register:
R0: 0x00000000
R1: 0x00000000
R2: 0x00000000
R3: 0x00000000
R4: 0x00000000
R5: 0x00000000
R6: 0x00000000
R7: 0x00000000
R8: 0x00000001
R9: 0xfffffffc
R10: 0x00000000
R11: 0x00000004
R12: 0x00000000
R13: 0x00000000
R14: 0x00000000
R15: 0x00000000
R16: 0x00000000
R17: 0x00000000
R18: 0x00000000
R19: 0x00000000
R20: 0x00000000
R21: 0x00000000
R22: 0x00000000
R23: 0x00000000
R24: 0x00000000
R25: 0x00000000
R26: 0x00000000
R27: 0x00000000
R28: 0x00000000
R29: 0x00000000
R30: 0x00000000
R31: 0x00000000

Current register values : 
-------------------------------------
PC: 0x00400010
Register:
R0: 0x00000000
R1: 0x00000000
R2: 0x00000000
R3: 0x00000000
R4: 0x00000000
R5: 0x00000000
R6: 0x00000000
R7: 0x00000000
R8: 0x00000001
R9: 0xfffffffc
R10: 0x00000000
R11: 0x00000004
R12: 0x00000000
R13: 0x00000000
R14: 0x00000000
R15: 0x00000000
R16: 0x00000000
R17: 0x00000000
R18: 0x00000000
R19: 0x00000000
R20: 0x00000000
R21: 0x00000000
R22: 0x00000000
R23: 0x00000000
R24: 0x00000000
R25: 0x00000000
R26: 0x00000000
R27: 0x00000000
R28: 0x00000000
R29: 0x00000000
R30: 0x00000000
R31: 0x00000000

Current register values : 
-------------------------------------
PC: 0x00400014
Register:
R0: 0x00000000
R1: 0x00000000
R2: 0x00000000
R3: 0x00000000
R4: 0x00000000
R5: 0x00000000
R6: 0x00000000
R7: 0x00000000
R8: 0x00000001
R9: 0xfffffffc
R10: 0x00000000
R11: 0x00000004
R12: 0x00000000
R13: 0x00000000
R14: 0x00000000
R15: 0x00000000
R16: 0x00000000
R17: 0x00000000
R18: 0x00000000
R19: 0x00000000
R20: 0x00000000
R21: 0x00000000
R22: 0x00000000
R23: 0x00000000
R24: 0x00000000
R25: 0x00000000
R26: 0x00000000
R27: 0x00000000
R28: 0x00000000
R29: 0x00000000
R30: 0x00000000
R31: 0x00000000

Current register values : 
-------------------------------------
PC: 0x00400018
Register:
R0: 0x00000000
R1: 0x00000000
R2: 0x00000000
R3: 0x00000000
R4: 0x00000000
R5: 0x00000000
R6: 0x00000000
R7: 0x00000000
R8: 0x00000001
R9: 0xfffffffc
R10: 0x00000000
R11: 0x00000004
R12: 0x00000000
R13: 0x00000000
R14: 0x00000000
R15: 0x00000000
R16: 0x00000001
R17: 0x00000000
R18: 0x00000000
R19: 0x00000000
R20: 0x00000000
R21: 0x00000000
R22: 0x00000000
R23: 0x00000000
R24: 0x00000000
R25: 0x00000000
R26: 0x00000000
R27: 0x00000000
R28: 0x00000000
R29: 0x00000000
R30: 0x00000000
R31: 0x00000000

Current register values : 
-------------------------------------
PC: 0x0040001c
Register:
R0: 0x00000000
R1: 0x00000000
R2: 0x00000000
R3: 0x00000000
R4: 0x00000000
R5: 0x00000000
R6: 0x00000000
R7: 0x00000000
R8: 0x00000001
R9: 0xfffffffc
R10: 0x00000000
R11: 0x00000004
R12: 0x00000000
R13: 0x00000000
R14: 0x00000000
R15: 0x00000000
R16: 0x00008000
R17: 0x00000000
R18: 0x00000000
R19: 0x00000000
R20: 0x00000000
R21: 0x00000000
R22: 0x00000000
R23: 0x00000000
R24: 0x00000000
R25: 0x00000000
R26: 0x00000000
R27: 0x00000000
R28: 0x00000000
R29: 0x00000000
R30: 0x00000000
R31: 0x00000000

Current register values : 
-------------------------------------
PC: 0x00400020
Register:
R0: 0x00000000
R1: 0x00000000
R2: 0x00000000
R3: 0x00000000
R4: 0x00000000
R5: 0x00000000
R6: 0x00000000
R7: 0x00000000
R8: 0x00000001
R9: 0xfffffffc
R10: 0x00000000
R11: 0x00000004
R12: 0x00000000
R13: 0x00000000
R14: 0x00000000
R15: 0x00000000
R16: 0x00008004
R17: 0x00000000
R18: 0x00000000
R19: 0x00000000
R20: 0x00000000
R21: 0x00000000
R22: 0x00000000
R23: 0x00000000
R24: 0x00000000
R25: 0x00000000
R26: 0x00000000
R27: 0x00000000
R28: 0x00000000
R29: 0x00000000
R30: 0x00000000
R31: 0x00000000

Current register values : 
-------------------------------------
PC: 0x00400024
Register:
R0: 0x00000000
R1: 0x00000000
R2: 0x00000000
R3: 0x00000000
R4: 0x00000000
R5: 0x00000000
R6: 0x00000000
R7: 0x00000000
R8: 0x00000001
R9: 0xfffffffc
R10: 0x10000000
R11: 0x00000004
R12: 0x00000000
R13: 0x00000000
R14: 0x00000000
R15: 0x00000000
R16: 0x00008004
R17: 0x00000000
R18: 0x00000000
R19: 0x00000000
R20: 0x00000000
R21: 0x00000000
R22: 0x00000000
R23: 0x00000000
R24: 0x00000000
R25: 0x00000000
R26: 0x00000000
R27: 0x00000000
R28: 0x00000000
R29: 0x00000000
R30: 0x00000000
R31: 0x00000000

Current register values : 
-------------------------------------
PC: 0x00400028
Register:
R0: 0x00000000
R1: 0x00000000
R2: 0x00000000
R3: 0x00000000
R4: 0x00000000
R5: 0x00000000
R6: 0x00000000
R7: 0x00000000
R8: 0x00000001
R9: 0xfffffffc
R10: 0x10000000
R11: 0x00000004
R12: 0x00000000
R13: 0x00000000
R14: 0x00000000
R15: 0x00000000
R16: 0x00008004
R17: 0x00000000
R18: 0x00000000
R19: 0x00000000
R20: 0x00000000
R21: 0x00000000
R22: 0x00000000
R23: 0x00000000
R24: 0x00000000
R25: 0x00000000
R26: 0x00000000
R27: 0x00000000
R28: 0x00000000
R29: 0x00000000
R30: 0x00000000
R31: 0x00000000

Current register values : 
-------------------------------------
PC: 0x0040002c
Register:
R0: 0x00000000
R1: 0x00000000
R2: 0x00000000
R3: 0x00000000
R4: 0x00000000
R5: 0x00000000
R6: 0x00000000
R7: 0x00000000
R8: 0x00000001
R9: 0xfffffffc
R10: 0x10000000
R11: 0x00000004
R12: 0x00000000
R13: 0x00000000
R14: 0x00000000
R15: 0x00000000
R16: 0x00008004
R17: 0x00000000
R18: 0x00000000
R19: 0x00000000
R20: 0x00000000
R21: 0x00000000
R22: 0x00000000
R23: 0x00000000
R24: 0x00000000
R25: 0x00000000
R26: 0x00000000
R27: 0x00000000
R28: 0x00000000
R29: 0x00000000
R30: 0x00000000
R31: 0x00000000

Simulator halted

