Instruction Information
INST_INFO[ 0 ].value :  20080001
INST_INFO[ 0 ].opcode :  8
INST_INFO[ 0 ].rs :  0
INST_INFO[ 0 ].rt :  8
INST_INFO[ 0 ].imm :  1
INST_INFO[ 1 ].value :  2009fffc
INST_INFO[ 1 ].opcode :  8
INST_INFO[ 1 ].rs :  0
INST_INFO[ 1 ].rt :  9
INST_INFO[ 1 ].imm :  -4
INST_INFO[ 2 ].value :     88020
INST_INFO[ 2 ].opcode :  0
INST_INFO[ 2 ].func_code :  32
INST_INFO[ 2 ].rs :  0
INST_INFO[ 2 ].rt :  8
INST_INFO[ 2 ].rd :  16
INST_INFO[ 2 ].shamt :  0
INST_INFO[ 3 ].value :  22100002
INST_INFO[ 3 ].opcode :  8
INST_INFO[ 3 ].rs :  16
INST_INFO[ 3 ].rt :  16
INST_INFO[ 3 ].imm :  2
INST_INFO[ 4 ].value :   2098022
INST_INFO[ 4 ].opcode :  0
INST_INFO[ 4 ].func_code :  34
INST_INFO[ 4 ].rs :  16
INST_INFO[ 4 ].rt :  9
INST_INFO[ 4 ].rd :  16
INST_INFO[ 4 ].shamt :  0
INST_INFO[ 5 ].value :  3c0a1000
INST_INFO[ 5 ].opcode :  15
INST_INFO[ 5 ].rs :  0
INST_INFO[ 5 ].rt :  10
INST_INFO[ 5 ].imm :  4096
INST_INFO[ 6 ].value :  ad500000
INST_INFO[ 6 ].opcode :  43
INST_INFO[ 6 ].rs :  10
INST_INFO[ 6 ].rt :  16
INST_INFO[ 6 ].imm :  0
INST_INFO[ 7 ].value :         0
INST_INFO[ 7 ].opcode :  0
INST_INFO[ 7 ].func_code :  0
INST_INFO[ 7 ].rs :  0
INST_INFO[ 7 ].rt :  0
INST_INFO[ 7 ].rd :  0
INST_INFO[ 7 ].shamt :  0
Memory Dump - Text Segment

text_seg[ 0 ] :  20080001
text_seg[ 4 ] :  2009fffc
text_seg[ 8 ] :  88020
text_seg[ 12 ] :  22100002
text_seg[ 16 ] :  2098022
text_seg[ 20 ] :  3c0a1000
text_seg[ 24 ] :  ad500000
text_seg[ 28 ] :  0
data_seg[ 0 ] :  0
data_seg[ 4 ] :  0
Current PC: 0
Simulating for 100 cycles...

Current register values : 
-------------------------------------
PC: 0x00400004
Register:
R0: 0x00000000
R1: 0x00000000
R2: 0x00000000
R3: 0x00000000
R4: 0x00000000
R5: 0x00000000
R6: 0x00000000
R7: 0x00000000
R8: 0x00000001
R9: 0x00000000
R10: 0x00000000
R11: 0x00000000
R12: 0x00000000
R13: 0x00000000
R14: 0x00000000
R15: 0x00000000
R16: 0x00000000
R17: 0x00000000
R18: 0x00000000
R19: 0x00000000
R20: 0x00000000
R21: 0x00000000
R22: 0x00000000
R23: 0x00000000
R24: 0x00000000
R25: 0x00000000
R26: 0x00000000
R27: 0x00000000
R28: 0x00000000
R29: 0x00000000
R30: 0x00000000
R31: 0x00000000

Current register values : 
-------------------------------------
PC: 0x00400008
Register:
R0: 0x00000000
R1: 0x00000000
R2: 0x00000000
R3: 0x00000000
R4: 0x00000000
R5: 0x00000000
R6: 0x00000000
R7: 0x00000000
R8: 0x00000001
R9: 0xfffffffc
R10: 0x00000000
R11: 0x00000000
R12: 0x00000000
R13: 0x00000000
R14: 0x00000000
R15: 0x00000000
R16: 0x00000000
R17: 0x00000000
R18: 0x00000000
R19: 0x00000000
R20: 0x00000000
R21: 0x00000000
R22: 0x00000000
R23: 0x00000000
R24: 0x00000000
R25: 0x00000000
R26: 0x00000000
R27: 0x00000000
R28: 0x00000000
R29: 0x00000000
R30: 0x00000000
R31: 0x00000000

Current register values : 
-------------------------------------
PC: 0x0040000c
Register:
R0: 0x00000000
R1: 0x00000000
R2: 0x00000000
R3: 0x00000000
R4: 0x00000000
R5: 0x00000000
R6: 0x00000000
R7: 0x00000000
R8: 0x00000001
R9: 0xfffffffc
R10: 0x00000000
R11: 0x00000000
R12: 0x00000000
R13: 0x00000000
R14: 0x00000000
R15: 0x00000000
R16: 0x00000001
R17: 0x00000000
R18: 0x00000000
R19: 0x00000000
R20: 0x00000000
R21: 0x00000000
R22: 0x00000000
R23: 0x00000000
R24: 0x00000000
R25: 0x00000000
R26: 0x00000000
R27: 0x00000000
R28: 0x00000000
R29: 0x00000000
R30: 0x00000000
R31: 0x00000000

Current register values : 
-------------------------------------
PC: 0x00400010
Register:
R0: 0x00000000
R1: 0x00000000
R2: 0x00000000
R3: 0x00000000
R4: 0x00000000
R5: 0x00000000
R6: 0x00000000
R7: 0x00000000
R8: 0x00000001
R9: 0xfffffffc
R10: 0x00000000
R11: 0x00000000
R12: 0x00000000
R13: 0x00000000
R14: 0x00000000
R15: 0x00000000
R16: 0x00000003
R17: 0x00000000
R18: 0x00000000
R19: 0x00000000
R20: 0x00000000
R21: 0x00000000
R22: 0x00000000
R23: 0x00000000
R24: 0x00000000
R25: 0x00000000
R26: 0x00000000
R27: 0x00000000
R28: 0x00000000
R29: 0x00000000
R30: 0x00000000
R31: 0x00000000

Current register values : 
-------------------------------------
PC: 0x00400014
Register:
R0: 0x00000000
R1: 0x00000000
R2: 0x00000000
R3: 0x00000000
R4: 0x00000000
R5: 0x00000000
R6: 0x00000000
R7: 0x00000000
R8: 0x00000001
R9: 0xfffffffc
R10: 0x00000000
R11: 0x00000000
R12: 0x00000000
R13: 0x00000000
R14: 0x00000000
R15: 0x00000000
R16: 0x00000007
R17: 0x00000000
R18: 0x00000000
R19: 0x00000000
R20: 0x00000000
R21: 0x00000000
R22: 0x00000000
R23: 0x00000000
R24: 0x00000000
R25: 0x00000000
R26: 0x00000000
R27: 0x00000000
R28: 0x00000000
R29: 0x00000000
R30: 0x00000000
R31: 0x00000000

Current register values : 
-------------------------------------
PC: 0x00400018
Register:
R0: 0x00000000
R1: 0x00000000
R2: 0x00000000
R3: 0x00000000
R4: 0x00000000
R5: 0x00000000
R6: 0x00000000
R7: 0x00000000
R8: 0x00000001
R9: 0xfffffffc
R10: 0x10000000
R11: 0x00000000
R12: 0x00000000
R13: 0x00000000
R14: 0x00000000
R15: 0x00000000
R16: 0x00000007
R17: 0x00000000
R18: 0x00000000
R19: 0x00000000
R20: 0x00000000
R21: 0x00000000
R22: 0x00000000
R23: 0x00000000
R24: 0x00000000
R25: 0x00000000
R26: 0x00000000
R27: 0x00000000
R28: 0x00000000
R29: 0x00000000
R30: 0x00000000
R31: 0x00000000

Current register values : 
-------------------------------------
PC: 0x0040001c
Register:
R0: 0x00000000
R1: 0x00000000
R2: 0x00000000
R3: 0x00000000
R4: 0x00000000
R5: 0x00000000
R6: 0x00000000
R7: 0x00000000
R8: 0x00000001
R9: 0xfffffffc
R10: 0x10000000
R11: 0x00000000
R12: 0x00000000
R13: 0x00000000
R14: 0x00000000
R15: 0x00000000
R16: 0x00000007
R17: 0x00000000
R18: 0x00000000
R19: 0x00000000
R20: 0x00000000
R21: 0x00000000
R22: 0x00000000
R23: 0x00000000
R24: 0x00000000
R25: 0x00000000
R26: 0x00000000
R27: 0x00000000
R28: 0x00000000
R29: 0x00000000
R30: 0x00000000
R31: 0x00000000

Current register values : 
-------------------------------------
PC: 0x00400020
Register:
R0: 0x00000000
R1: 0x00000000
R2: 0x00000000
R3: 0x00000000
R4: 0x00000000
R5: 0x00000000
R6: 0x00000000
R7: 0x00000000
R8: 0x00000001
R9: 0xfffffffc
R10: 0x10000000
R11: 0x00000000
R12: 0x00000000
R13: 0x00000000
R14: 0x00000000
R15: 0x00000000
R16: 0x00000007
R17: 0x00000000
R18: 0x00000000
R19: 0x00000000
R20: 0x00000000
R21: 0x00000000
R22: 0x00000000
R23: 0x00000000
R24: 0x00000000
R25: 0x00000000
R26: 0x00000000
R27: 0x00000000
R28: 0x00000000
R29: 0x00000000
R30: 0x00000000
R31: 0x00000000

Simulator halted

